2021-11-01 10:58:46,672:DEBUG:bot: ========================RESTART===========================
2021-11-01 10:58:58,495:DEBUG:bot: Error loading homework Exception: Extension 'cogs.homework' raised an error: ModuleNotFoundError: No module named 'discord_slash.utils.manage_commmands'
2021-11-01 10:58:58,514:DEBUG:bot: Cogs Loaded
2021-11-01 10:59:01,176:DEBUG:bot: Help cog is ready!
2021-11-01 10:59:01,177:DEBUG:bot: Lessons cog is ready!
2021-11-01 10:59:01,177:DEBUG:bot: Commands cog is ready!
2021-11-01 10:59:01,177:DEBUG:bot: Setup cog is ready!
2021-11-01 10:59:01,177:DEBUG:bot: Dev cog is ready!
2021-11-01 11:03:38,981:DEBUG:bot: ========================RESTART===========================
2021-11-01 11:03:39,045:DEBUG:bot: Cogs Loaded
2021-11-01 11:03:41,637:DEBUG:bot: Help cog is ready!
2021-11-01 11:03:41,637:DEBUG:bot: Homework cog is ready!
2021-11-01 11:03:41,637:DEBUG:bot: Lessons cog is ready!
2021-11-01 11:03:41,638:DEBUG:bot: Commands cog is ready!
2021-11-01 11:03:41,638:DEBUG:bot: Setup cog is ready!
2021-11-01 11:03:41,638:DEBUG:bot: Dev cog is ready!
2021-11-01 11:07:09,707:DEBUG:bot: ========================RESTART===========================
2021-11-01 11:07:09,763:DEBUG:bot: Cogs Loaded
2021-11-01 11:07:12,499:DEBUG:bot: Help cog is ready!
2021-11-01 11:07:12,499:DEBUG:bot: Homework cog is ready!
2021-11-01 11:07:12,500:DEBUG:bot: Lessons cog is ready!
2021-11-01 11:07:12,500:DEBUG:bot: Commands cog is ready!
2021-11-01 11:07:12,500:DEBUG:bot: Setup cog is ready!
2021-11-01 11:07:12,500:DEBUG:bot: Dev cog is ready!
2021-11-01 11:07:47,782:DEBUG:bot: ========================RESTART===========================
2021-11-01 11:07:47,834:DEBUG:bot: Cogs Loaded
2021-11-01 11:07:50,394:DEBUG:bot: Help cog is ready!
2021-11-01 11:07:50,394:DEBUG:bot: Homework cog is ready!
2021-11-01 11:07:50,394:DEBUG:bot: Lessons cog is ready!
2021-11-01 11:07:50,394:DEBUG:bot: Commands cog is ready!
2021-11-01 11:07:50,394:DEBUG:bot: Setup cog is ready!
2021-11-01 11:07:50,394:DEBUG:bot: Dev cog is ready!
2021-11-01 11:08:19,518:DEBUG:bot: ========================RESTART===========================
2021-11-01 11:08:19,578:DEBUG:bot: Cogs Loaded
2021-11-01 11:08:22,198:DEBUG:bot: Help cog is ready!
2021-11-01 11:08:22,198:DEBUG:bot: Homework cog is ready!
2021-11-01 11:08:22,198:DEBUG:bot: Lessons cog is ready!
2021-11-01 11:08:22,198:DEBUG:bot: Commands cog is ready!
2021-11-01 11:08:22,198:DEBUG:bot: Setup cog is ready!
2021-11-01 11:08:22,198:DEBUG:bot: Dev cog is ready!
2021-11-01 11:09:19,909:DEBUG:bot: Recognised avaliable channel
2021-11-01 11:09:20,522:DEBUG:bot: Recognised avaliable channel
2021-11-01 11:09:21,415:DEBUG:bot: Recognised avaliable channel
2021-11-01 11:11:03,213:DEBUG:bot: ========================RESTART===========================
2021-11-01 11:11:03,270:DEBUG:bot: Cogs Loaded
2021-11-01 11:11:05,908:DEBUG:bot: Help cog is ready!
2021-11-01 11:11:05,908:DEBUG:bot: Homework cog is ready!
2021-11-01 11:11:05,908:DEBUG:bot: Lessons cog is ready!
2021-11-01 11:11:05,908:DEBUG:bot: Commands cog is ready!
2021-11-01 11:11:05,908:DEBUG:bot: Setup cog is ready!
2021-11-01 11:11:05,908:DEBUG:bot: Dev cog is ready!
2021-11-01 11:13:18,528:DEBUG:bot: ========================RESTART===========================
2021-11-01 11:13:18,586:DEBUG:bot: Cogs Loaded
2021-11-01 11:13:21,496:DEBUG:bot: Help cog is ready!
2021-11-01 11:13:21,496:DEBUG:bot: Homework cog is ready!
2021-11-01 11:13:21,497:DEBUG:bot: Lessons cog is ready!
2021-11-01 11:13:21,497:DEBUG:bot: Commands cog is ready!
2021-11-01 11:13:21,497:DEBUG:bot: Setup cog is ready!
2021-11-01 11:13:21,497:DEBUG:bot: Dev cog is ready!
2021-11-01 11:15:03,049:DEBUG:bot: ========================RESTART===========================
2021-11-01 11:15:03,110:DEBUG:bot: Cogs Loaded
2021-11-01 11:15:05,696:DEBUG:bot: Help cog is ready!
2021-11-01 11:15:05,697:DEBUG:bot: Homework cog is ready!
2021-11-01 11:15:05,697:DEBUG:bot: Lessons cog is ready!
2021-11-01 11:15:05,697:DEBUG:bot: Commands cog is ready!
2021-11-01 11:15:05,697:DEBUG:bot: Setup cog is ready!
2021-11-01 11:15:05,697:DEBUG:bot: Dev cog is ready!
2021-11-01 11:19:02,272:DEBUG:bot: ========================RESTART===========================
2021-11-01 11:19:02,330:DEBUG:bot: Cogs Loaded
2021-11-01 11:19:05,224:DEBUG:bot: Help cog is ready!
2021-11-01 11:19:05,224:DEBUG:bot: Homework cog is ready!
2021-11-01 11:19:05,224:DEBUG:bot: Lessons cog is ready!
2021-11-01 11:19:05,224:DEBUG:bot: Commands cog is ready!
2021-11-01 11:19:05,224:DEBUG:bot: Setup cog is ready!
2021-11-01 11:19:05,224:DEBUG:bot: Dev cog is ready!
